<?xml version="1.0" encoding="UTF-8"?>
<!-- Generated by org.testng.reporters.JUnitReportReporter -->
<testsuite skipped="0" hostname="sudheers-MacBook-Pro.local" name="com.project.ProjectManagementTestingClass" tests="5" failures="0" timestamp="12 Nov 2016 23:50:01 GMT" time="36.274" errors="0">
  <testcase name="login" time="5.268" classname="com.project.ProjectManagementTestingClass"/>
  <testcase name="quiz" time="10.025" classname="com.project.ProjectManagementTestingClass"/>
  <testcase name="continueGame" time="14.378" classname="com.project.ProjectManagementTestingClass"/>
  <testcase name="profileupdate" time="1.394" classname="com.project.ProjectManagementTestingClass"/>
  <testcase name="logout" time="5.209" classname="com.project.ProjectManagementTestingClass"/>
</testsuite> <!-- com.project.ProjectManagementTestingClass -->
